# JRE version: OpenJDK Runtime Environment Temurin-21.0.6+7 (21.0.6+7) (build 21.0.6+7-LTS)
# Java VM: OpenJDK 64-Bit Server VM Temurin-21.0.6+7 (21.0.6+7-LTS, mixed mode, sharing, tiered, compressed oops, compressed class ptrs, g1 gc, windows-amd64)
GC Precious Log:
 CardTable entry size: 512
 Card Set container configuration: InlinePtr #cards 5 size 8 Array Of Cards #cards 12 size 40 Howl #buckets 4 coarsen threshold 1843 Howl Bitmap #cards 512 size 80 coarsen threshold 460 Card regions per heap region 1 cards per card region 2048
 CPUs: 8 total, 8 available
 Memory: 8058M
 Large Page Support: Disabled
 NUMA Support: Disabled
 Compressed Oops: Enabled (32-bit)
 Heap Region Size: 1M
 Heap Min Capacity: 8M
 Heap Initial Capacity: 126M
 Heap Max Capacity: 2016M
 Pre-touch: Disabled
 Parallel Workers: 8
 Concurrent Workers: 2
 Concurrent Refinement Workers: 8
 Periodic GC: Disabled
Heap:
 garbage-first heap   total 59392K, used 47738K [0x0000000082000000, 0x0000000100000000)
  region size 1024K, 20 young (20480K), 3 survivors (3072K)
 Metaspace       used 73238K, committed 73920K, reserved 1114112K
  class space    used 9788K, committed 10112K, reserved 1048576K
GC Heap History (20 events):
Event: 5.688 GC heap before
{Heap before GC invocations=4 (full 0):
 garbage-first heap   total 48128K, used 47759K [0x0000000082000000, 0x0000000100000000)
  region size 1024K, 40 young (40960K), 7 survivors (7168K)
 Metaspace       used 27586K, committed 28096K, reserved 1114112K
  class space    used 3430K, committed 3648K, reserved 1048576K
}
Event: 5.702 GC heap after
{Heap after GC invocations=5 (full 0):
 garbage-first heap   total 59392K, used 17720K [0x0000000082000000, 0x0000000100000000)
  region size 1024K, 8 young (8192K), 8 survivors (8192K)
 Metaspace       used 27586K, committed 28096K, reserved 1114112K
  class space    used 3430K, committed 3648K, reserved 1048576K
}
Event: 6.671 GC heap before
{Heap before GC invocations=5 (full 0):
 garbage-first heap   total 59392K, used 44344K [0x0000000082000000, 0x0000000100000000)
  region size 1024K, 34 young (34816K), 8 survivors (8192K)
 Metaspace       used 31571K, committed 32128K, reserved 1114112K
  class space    used 3826K, committed 4096K, reserved 1048576K
}
Event: 6.681 GC heap after
{Heap after GC invocations=6 (full 0):
 garbage-first heap   total 59392K, used 19575K [0x0000000082000000, 0x0000000100000000)
  region size 1024K, 3 young (3072K), 3 survivors (3072K)
 Metaspace       used 31571K, committed 32128K, reserved 1114112K
  class space    used 3826K, committed 4096K, reserved 1048576K
}
Event: 7.563 GC heap before
{Heap before GC invocations=6 (full 0):
 garbage-first heap   total 59392K, used 39031K [0x0000000082000000, 0x0000000100000000)
  region size 1024K, 23 young (23552K), 3 survivors (3072K)
 Metaspace       used 35572K, committed 36096K, reserved 1114112K
  class space    used 4381K, committed 4608K, reserved 1048576K
}
Event: 7.567 GC heap after
{Heap after GC invocations=7 (full 0):
 garbage-first heap   total 59392K, used 20269K [0x0000000082000000, 0x0000000100000000)
  region size 1024K, 3 young (3072K), 3 survivors (3072K)
 Metaspace       used 35572K, committed 36096K, reserved 1114112K
  class space    used 4381K, committed 4608K, reserved 1048576K
}
Event: 9.232 GC heap before
{Heap before GC invocations=8 (full 0):
 garbage-first heap   total 59392K, used 48941K [0x0000000082000000, 0x0000000100000000)
  region size 1024K, 32 young (32768K), 3 survivors (3072K)
 Metaspace       used 46170K, committed 46720K, reserved 1114112K
  class space    used 5772K, committed 6016K, reserved 1048576K
}
Event: 9.238 GC heap after
{Heap after GC invocations=9 (full 0):
 garbage-first heap   total 59392K, used 23035K [0x0000000082000000, 0x0000000100000000)
  region size 1024K, 4 young (4096K), 4 survivors (4096K)
 Metaspace       used 46170K, committed 46720K, reserved 1114112K
  class space    used 5772K, committed 6016K, reserved 1048576K
}
Event: 10.153 GC heap before
{Heap before GC invocations=9 (full 0):
 garbage-first heap   total 59392K, used 48635K [0x0000000082000000, 0x0000000100000000)
  region size 1024K, 30 young (30720K), 4 survivors (4096K)
 Metaspace       used 53127K, committed 53696K, reserved 1114112K
  class space    used 6734K, committed 6976K, reserved 1048576K
}
Event: 10.162 GC heap after
{Heap after GC invocations=10 (full 0):
 garbage-first heap   total 59392K, used 24961K [0x0000000082000000, 0x0000000100000000)
  region size 1024K, 2 young (2048K), 2 survivors (2048K)
 Metaspace       used 53127K, committed 53696K, reserved 1114112K
  class space    used 6734K, committed 6976K, reserved 1048576K
}
Event: 11.180 GC heap before
{Heap before GC invocations=10 (full 0):
 garbage-first heap   total 59392K, used 49537K [0x0000000082000000, 0x0000000100000000)
  region size 1024K, 27 young (27648K), 2 survivors (2048K)
 Metaspace       used 59440K, committed 60160K, reserved 1114112K
  class space    used 7732K, committed 8064K, reserved 1048576K
}
Event: 11.184 GC heap after
{Heap after GC invocations=11 (full 0):
 garbage-first heap   total 59392K, used 25757K [0x0000000082000000, 0x0000000100000000)
  region size 1024K, 3 young (3072K), 3 survivors (3072K)
 Metaspace       used 59440K, committed 60160K, reserved 1114112K
  class space    used 7732K, committed 8064K, reserved 1048576K
}
Event: 11.329 GC heap before
{Heap before GC invocations=11 (full 0):
 garbage-first heap   total 59392K, used 26781K [0x0000000082000000, 0x0000000100000000)
  region size 1024K, 5 young (5120K), 3 survivors (3072K)
 Metaspace       used 59943K, committed 60608K, reserved 1114112K
  class space    used 7793K, committed 8128K, reserved 1048576K
}
Event: 11.334 GC heap after
{Heap after GC invocations=12 (full 0):
 garbage-first heap   total 59392K, used 25961K [0x0000000082000000, 0x0000000100000000)
  region size 1024K, 2 young (2048K), 2 survivors (2048K)
 Metaspace       used 59943K, committed 60608K, reserved 1114112K
  class space    used 7793K, committed 8128K, reserved 1048576K
}
Event: 12.685 GC heap before
{Heap before GC invocations=13 (full 0):
 garbage-first heap   total 59392K, used 51561K [0x0000000082000000, 0x0000000100000000)
  region size 1024K, 28 young (28672K), 2 survivors (2048K)
 Metaspace       used 64998K, committed 65664K, reserved 1114112K
  class space    used 8585K, committed 8896K, reserved 1048576K
}
Event: 12.692 GC heap after
{Heap after GC invocations=14 (full 0):
 garbage-first heap   total 59392K, used 28512K [0x0000000082000000, 0x0000000100000000)
  region size 1024K, 4 young (4096K), 4 survivors (4096K)
 Metaspace       used 64998K, committed 65664K, reserved 1114112K
  class space    used 8585K, committed 8896K, reserved 1048576K
}
Event: 13.444 GC heap before
{Heap before GC invocations=14 (full 0):
 garbage-first heap   total 59392K, used 50016K [0x0000000082000000, 0x0000000100000000)
  region size 1024K, 26 young (26624K), 4 survivors (4096K)
 Metaspace       used 68239K, committed 68864K, reserved 1114112K
  class space    used 9114K, committed 9408K, reserved 1048576K
}
Event: 13.451 GC heap after
{Heap after GC invocations=15 (full 0):
 garbage-first heap   total 59392K, used 29852K [0x0000000082000000, 0x0000000100000000)
  region size 1024K, 3 young (3072K), 3 survivors (3072K)
 Metaspace       used 68239K, committed 68864K, reserved 1114112K
  class space    used 9114K, committed 9408K, reserved 1048576K
}
Event: 14.260 GC heap before
{Heap before GC invocations=15 (full 0):
 garbage-first heap   total 59392K, used 50332K [0x0000000082000000, 0x0000000100000000)
  region size 1024K, 23 young (23552K), 3 survivors (3072K)
 Metaspace       used 70779K, committed 71488K, reserved 1114112K
  class space    used 9459K, committed 9792K, reserved 1048576K
}
Event: 14.266 GC heap after
{Heap after GC invocations=16 (full 0):
 garbage-first heap   total 59392K, used 32378K [0x0000000082000000, 0x0000000100000000)
  region size 1024K, 3 young (3072K), 3 survivors (3072K)
 Metaspace       used 70779K, committed 71488K, reserved 1114112K
  class space    used 9459K, committed 9792K, reserved 1048576K
}

