# JRE version: OpenJDK Runtime Environment Temurin-21.0.6+7 (21.0.6+7) (build 21.0.6+7-LTS)
# Java VM: OpenJDK 64-Bit Server VM Temurin-21.0.6+7 (21.0.6+7-LTS, mixed mode, sharing, tiered, compressed oops, compressed class ptrs, g1 gc, windows-amd64)
GC Precious Log:
 CardTable entry size: 512
 Card Set container configuration: InlinePtr #cards 5 size 8 Array Of Cards #cards 12 size 40 Howl #buckets 4 coarsen threshold 1843 Howl Bitmap #cards 512 size 80 coarsen threshold 460 Card regions per heap region 1 cards per card region 2048
 CPUs: 8 total, 8 available
 Memory: 8058M
 Large Page Support: Disabled
 NUMA Support: Disabled
 Compressed Oops: Enabled (32-bit)
 Heap Region Size: 1M
 Heap Min Capacity: 8M
 Heap Initial Capacity: 126M
 Heap Max Capacity: 2016M
 Pre-touch: Disabled
 Parallel Workers: 8
 Concurrent Workers: 2
 Concurrent Refinement Workers: 8
 Periodic GC: Disabled
Heap:
 garbage-first heap   total 61440K, used 49092K [0x0000000082000000, 0x0000000100000000)
  region size 1024K, 23 young (23552K), 3 survivors (3072K)
 Metaspace       used 72565K, committed 73280K, reserved 1114112K
  class space    used 9669K, committed 9984K, reserved 1048576K
GC Heap History (20 events):
Event: 6.999 GC heap before
{Heap before GC invocations=10 (full 0):
 garbage-first heap   total 48128K, used 40355K [0x0000000082000000, 0x0000000100000000)
  region size 1024K, 21 young (21504K), 3 survivors (3072K)
 Metaspace       used 48040K, committed 48640K, reserved 1114112K
  class space    used 6007K, committed 6272K, reserved 1048576K
}
Event: 7.006 GC heap after
{Heap after GC invocations=11 (full 0):
 garbage-first heap   total 48128K, used 23645K [0x0000000082000000, 0x0000000100000000)
  region size 1024K, 3 young (3072K), 3 survivors (3072K)
 Metaspace       used 48040K, committed 48640K, reserved 1114112K
  class space    used 6007K, committed 6272K, reserved 1048576K
}
Event: 7.569 GC heap before
{Heap before GC invocations=11 (full 0):
 garbage-first heap   total 48128K, used 40029K [0x0000000082000000, 0x0000000100000000)
  region size 1024K, 20 young (20480K), 3 survivors (3072K)
 Metaspace       used 52743K, committed 53376K, reserved 1114112K
  class space    used 6634K, committed 6912K, reserved 1048576K
}
Event: 7.573 GC heap after
{Heap after GC invocations=12 (full 0):
 garbage-first heap   total 48128K, used 24953K [0x0000000082000000, 0x0000000100000000)
  region size 1024K, 2 young (2048K), 2 survivors (2048K)
 Metaspace       used 52743K, committed 53376K, reserved 1114112K
  class space    used 6634K, committed 6912K, reserved 1048576K
}
Event: 8.107 GC heap before
{Heap before GC invocations=12 (full 0):
 garbage-first heap   total 48128K, used 40313K [0x0000000082000000, 0x0000000100000000)
  region size 1024K, 18 young (18432K), 2 survivors (2048K)
 Metaspace       used 57160K, committed 57792K, reserved 1114112K
  class space    used 7377K, committed 7616K, reserved 1048576K
}
Event: 8.110 GC heap after
{Heap after GC invocations=13 (full 0):
 garbage-first heap   total 48128K, used 25382K [0x0000000082000000, 0x0000000100000000)
  region size 1024K, 2 young (2048K), 2 survivors (2048K)
 Metaspace       used 57160K, committed 57792K, reserved 1114112K
  class space    used 7377K, committed 7616K, reserved 1048576K
}
Event: 8.576 GC heap before
{Heap before GC invocations=14 (full 0):
 garbage-first heap   total 48128K, used 41766K [0x0000000082000000, 0x0000000100000000)
  region size 1024K, 18 young (18432K), 2 survivors (2048K)
 Metaspace       used 60466K, committed 61184K, reserved 1114112K
  class space    used 7872K, committed 8192K, reserved 1048576K
}
Event: 8.581 GC heap after
{Heap after GC invocations=15 (full 0):
 garbage-first heap   total 48128K, used 26760K [0x0000000082000000, 0x0000000100000000)
  region size 1024K, 2 young (2048K), 2 survivors (2048K)
 Metaspace       used 60466K, committed 61184K, reserved 1114112K
  class space    used 7872K, committed 8192K, reserved 1048576K
}
Event: 9.137 GC heap before
{Heap before GC invocations=15 (full 0):
 garbage-first heap   total 48128K, used 42120K [0x0000000082000000, 0x0000000100000000)
  region size 1024K, 17 young (17408K), 2 survivors (2048K)
 Metaspace       used 63794K, committed 64448K, reserved 1114112K
  class space    used 8318K, committed 8640K, reserved 1048576K
}
Event: 9.142 GC heap after
{Heap after GC invocations=16 (full 0):
 garbage-first heap   total 48128K, used 27803K [0x0000000082000000, 0x0000000100000000)
  region size 1024K, 3 young (3072K), 3 survivors (3072K)
 Metaspace       used 63794K, committed 64448K, reserved 1114112K
  class space    used 8318K, committed 8640K, reserved 1048576K
}
Event: 9.494 GC heap before
{Heap before GC invocations=16 (full 0):
 garbage-first heap   total 48128K, used 40091K [0x0000000082000000, 0x0000000100000000)
  region size 1024K, 16 young (16384K), 3 survivors (3072K)
 Metaspace       used 66101K, committed 66752K, reserved 1114112K
  class space    used 8672K, committed 8960K, reserved 1048576K
}
Event: 9.502 GC heap after
{Heap after GC invocations=17 (full 0):
 garbage-first heap   total 48128K, used 29298K [0x0000000082000000, 0x0000000100000000)
  region size 1024K, 2 young (2048K), 2 survivors (2048K)
 Metaspace       used 66101K, committed 66752K, reserved 1114112K
  class space    used 8672K, committed 8960K, reserved 1048576K
}
Event: 9.726 GC heap before
{Heap before GC invocations=18 (full 0):
 garbage-first heap   total 51200K, used 40562K [0x0000000082000000, 0x0000000100000000)
  region size 1024K, 14 young (14336K), 2 survivors (2048K)
 Metaspace       used 67093K, committed 67776K, reserved 1114112K
  class space    used 8982K, committed 9280K, reserved 1048576K
}
Event: 9.729 GC heap after
{Heap after GC invocations=19 (full 0):
 garbage-first heap   total 61440K, used 30559K [0x0000000082000000, 0x0000000100000000)
  region size 1024K, 2 young (2048K), 2 survivors (2048K)
 Metaspace       used 67093K, committed 67776K, reserved 1114112K
  class space    used 8982K, committed 9280K, reserved 1048576K
}
Event: 10.377 GC heap before
{Heap before GC invocations=19 (full 0):
 garbage-first heap   total 61440K, used 51039K [0x0000000082000000, 0x0000000100000000)
  region size 1024K, 22 young (22528K), 2 survivors (2048K)
 Metaspace       used 70336K, committed 70976K, reserved 1114112K
  class space    used 9419K, committed 9728K, reserved 1048576K
}
Event: 10.382 GC heap after
{Heap after GC invocations=20 (full 0):
 garbage-first heap   total 61440K, used 32318K [0x0000000082000000, 0x0000000100000000)
  region size 1024K, 3 young (3072K), 3 survivors (3072K)
 Metaspace       used 70336K, committed 70976K, reserved 1114112K
  class space    used 9419K, committed 9728K, reserved 1048576K
}
Event: 41.030 GC heap before
{Heap before GC invocations=20 (full 0):
 garbage-first heap   total 61440K, used 46654K [0x0000000082000000, 0x0000000100000000)
  region size 1024K, 18 young (18432K), 3 survivors (3072K)
 Metaspace       used 72083K, committed 72768K, reserved 1114112K
  class space    used 9653K, committed 9984K, reserved 1048576K
}
Event: 41.102 GC heap after
{Heap after GC invocations=21 (full 1):
 garbage-first heap   total 61440K, used 27257K [0x0000000082000000, 0x0000000100000000)
  region size 1024K, 0 young (0K), 0 survivors (0K)
 Metaspace       used 72083K, committed 72768K, reserved 1114112K
  class space    used 9653K, committed 9984K, reserved 1048576K
}
Event: 41.566 GC heap before
{Heap before GC invocations=21 (full 1):
 garbage-first heap   total 61440K, used 48761K [0x0000000082000000, 0x0000000100000000)
  region size 1024K, 21 young (21504K), 0 survivors (0K)
 Metaspace       used 72330K, committed 73024K, reserved 1114112K
  class space    used 9666K, committed 9984K, reserved 1048576K
}
Event: 41.570 GC heap after
{Heap after GC invocations=22 (full 1):
 garbage-first heap   total 61440K, used 29636K [0x0000000082000000, 0x0000000100000000)
  region size 1024K, 3 young (3072K), 3 survivors (3072K)
 Metaspace       used 72330K, committed 73024K, reserved 1114112K
  class space    used 9666K, committed 9984K, reserved 1048576K
}

